<?xml version="1.0" encoding="UTF-8"?>
<testng-results ignored="0" total="1" passed="1" failed="0" skipped="0">
  <reporter-output>
  </reporter-output>
  <suite started-at="2024-11-28T11:43:42 WIB" name="Surefire suite" finished-at="2024-11-28T11:43:42 WIB" duration-ms="168">
    <groups>
    </groups>
    <test started-at="2024-11-28T11:43:42 WIB" name="Surefire test" finished-at="2024-11-28T11:43:42 WIB" duration-ms="168">
      <class name="testNG">
        <test-method signature="testPrintMessage()[pri:0, instance:testNG@258e2e41]" started-at="2024-11-28T11:43:42 WIB" name="testPrintMessage" finished-at="2024-11-28T11:43:42 WIB" duration-ms="27" status="PASS">
          <reporter-output>
          </reporter-output>
        </test-method> <!-- testPrintMessage -->
      </class> <!-- testNG -->
    </test> <!-- Surefire test -->
  </suite> <!-- Surefire suite -->
</testng-results>
